# JRE version: OpenJDK Runtime Environment Temurin-17.0.4+8 (17.0.4+8) (build 17.0.4+8)
# Java VM: OpenJDK 64-Bit Server VM Temurin-17.0.4+8 (17.0.4+8, mixed mode, tiered, compressed oops, compressed class ptrs, g1 gc, windows-amd64)
GC Precious Log:
 CPUs: 4 total, 4 available
 Memory: 3919M
 Large Page Support: Disabled
 NUMA Support: Disabled
 Compressed Oops: Enabled (32-bit)
 Heap Region Size: 1M
 Heap Min Capacity: 8M
 Heap Initial Capacity: 62M
 Heap Max Capacity: 980M
 Pre-touch: Disabled
 Parallel Workers: 4
 Concurrent Workers: 1
 Concurrent Refinement Workers: 4
 Periodic GC: Disabled
Heap:
 garbage-first heap   total 58368K, used 24491K [0x00000000c2c00000, 0x0000000100000000)
  region size 1024K, 14 young (14336K), 4 survivors (4096K)
 Metaspace       used 37105K, committed 37312K, reserved 1081344K
  class space    used 4512K, committed 4608K, reserved 1048576K
GC Heap History (18 events):
Event: 0.804 GC heap before
{Heap before GC invocations=0 (full 0):
 garbage-first heap   total 63488K, used 13312K [0x00000000c2c00000, 0x0000000100000000)
  region size 1024K, 13 young (13312K), 0 survivors (0K)
 Metaspace       used 10747K, committed 10880K, reserved 1064960K
  class space    used 970K, committed 1024K, reserved 1048576K
}
Event: 0.833 GC heap after
{Heap after GC invocations=1 (full 0):
 garbage-first heap   total 63488K, used 7634K [0x00000000c2c00000, 0x0000000100000000)
  region size 1024K, 2 young (2048K), 2 survivors (2048K)
 Metaspace       used 10747K, committed 10880K, reserved 1064960K
  class space    used 970K, committed 1024K, reserved 1048576K
}
Event: 1.232 GC heap before
{Heap before GC invocations=1 (full 0):
 garbage-first heap   total 63488K, used 12754K [0x00000000c2c00000, 0x0000000100000000)
  region size 1024K, 8 young (8192K), 2 survivors (2048K)
 Metaspace       used 12322K, committed 12480K, reserved 1064960K
  class space    used 1195K, committed 1280K, reserved 1048576K
}
Event: 1.237 GC heap after
{Heap after GC invocations=2 (full 0):
 garbage-first heap   total 63488K, used 8050K [0x00000000c2c00000, 0x0000000100000000)
  region size 1024K, 1 young (1024K), 1 survivors (1024K)
 Metaspace       used 12322K, committed 12480K, reserved 1064960K
  class space    used 1195K, committed 1280K, reserved 1048576K
}
Event: 2.235 GC heap before
{Heap before GC invocations=2 (full 0):
 garbage-first heap   total 63488K, used 27506K [0x00000000c2c00000, 0x0000000100000000)
  region size 1024K, 20 young (20480K), 1 survivors (1024K)
 Metaspace       used 17244K, committed 17472K, reserved 1064960K
  class space    used 1828K, committed 1920K, reserved 1048576K
}
Event: 2.240 GC heap after
{Heap after GC invocations=3 (full 0):
 garbage-first heap   total 63488K, used 8986K [0x00000000c2c00000, 0x0000000100000000)
  region size 1024K, 2 young (2048K), 2 survivors (2048K)
 Metaspace       used 17244K, committed 17472K, reserved 1064960K
  class space    used 1828K, committed 1920K, reserved 1048576K
}
Event: 3.047 GC heap before
{Heap before GC invocations=3 (full 0):
 garbage-first heap   total 63488K, used 26394K [0x00000000c2c00000, 0x0000000100000000)
  region size 1024K, 20 young (20480K), 2 survivors (2048K)
 Metaspace       used 21297K, committed 21504K, reserved 1073152K
  class space    used 2401K, committed 2496K, reserved 1048576K
}
Event: 3.052 GC heap after
{Heap after GC invocations=4 (full 0):
 garbage-first heap   total 63488K, used 10273K [0x00000000c2c00000, 0x0000000100000000)
  region size 1024K, 3 young (3072K), 3 survivors (3072K)
 Metaspace       used 21297K, committed 21504K, reserved 1073152K
  class space    used 2401K, committed 2496K, reserved 1048576K
}
Event: 3.606 GC heap before
{Heap before GC invocations=5 (full 0):
 garbage-first heap   total 40960K, used 30753K [0x00000000c2c00000, 0x0000000100000000)
  region size 1024K, 24 young (24576K), 3 survivors (3072K)
 Metaspace       used 25540K, committed 25728K, reserved 1073152K
  class space    used 3050K, committed 3136K, reserved 1048576K
}
Event: 3.613 GC heap after
{Heap after GC invocations=6 (full 0):
 garbage-first heap   total 40960K, used 11444K [0x00000000c2c00000, 0x0000000100000000)
  region size 1024K, 4 young (4096K), 4 survivors (4096K)
 Metaspace       used 25540K, committed 25728K, reserved 1073152K
  class space    used 3050K, committed 3136K, reserved 1048576K
}
Event: 3.654 GC heap before
{Heap before GC invocations=6 (full 0):
 garbage-first heap   total 40960K, used 11444K [0x00000000c2c00000, 0x0000000100000000)
  region size 1024K, 5 young (5120K), 4 survivors (4096K)
 Metaspace       used 25712K, committed 25856K, reserved 1073152K
  class space    used 3072K, committed 3136K, reserved 1048576K
}
Event: 3.660 GC heap after
{Heap after GC invocations=7 (full 0):
 garbage-first heap   total 40960K, used 11806K [0x00000000c2c00000, 0x0000000100000000)
  region size 1024K, 1 young (1024K), 1 survivors (1024K)
 Metaspace       used 25712K, committed 25856K, reserved 1073152K
  class space    used 3072K, committed 3136K, reserved 1048576K
}
Event: 4.434 GC heap before
{Heap before GC invocations=7 (full 0):
 garbage-first heap   total 40960K, used 27166K [0x00000000c2c00000, 0x0000000100000000)
  region size 1024K, 16 young (16384K), 1 survivors (1024K)
 Metaspace       used 29115K, committed 29312K, reserved 1081344K
  class space    used 3434K, committed 3520K, reserved 1048576K
}
Event: 4.436 GC heap after
{Heap after GC invocations=8 (full 0):
 garbage-first heap   total 60416K, used 12024K [0x00000000c2c00000, 0x0000000100000000)
  region size 1024K, 1 young (1024K), 1 survivors (1024K)
 Metaspace       used 29115K, committed 29312K, reserved 1081344K
  class space    used 3434K, committed 3520K, reserved 1048576K
}
Event: 6.358 GC heap before
{Heap before GC invocations=8 (full 0):
 garbage-first heap   total 60416K, used 43768K [0x00000000c2c00000, 0x0000000100000000)
  region size 1024K, 32 young (32768K), 1 survivors (1024K)
 Metaspace       used 32469K, committed 32704K, reserved 1081344K
  class space    used 3868K, committed 3968K, reserved 1048576K
}
Event: 6.363 GC heap after
{Heap after GC invocations=9 (full 0):
 garbage-first heap   total 60416K, used 13841K [0x00000000c2c00000, 0x0000000100000000)
  region size 1024K, 3 young (3072K), 3 survivors (3072K)
 Metaspace       used 32469K, committed 32704K, reserved 1081344K
  class space    used 3868K, committed 3968K, reserved 1048576K
}
Event: 7.648 GC heap before
{Heap before GC invocations=9 (full 0):
 garbage-first heap   total 60416K, used 37393K [0x00000000c2c00000, 0x0000000100000000)
  region size 1024K, 27 young (27648K), 3 survivors (3072K)
 Metaspace       used 35777K, committed 35968K, reserved 1081344K
  class space    used 4315K, committed 4416K, reserved 1048576K
}
Event: 7.658 GC heap after
{Heap after GC invocations=10 (full 0):
 garbage-first heap   total 60416K, used 15275K [0x00000000c2c00000, 0x0000000100000000)
  region size 1024K, 4 young (4096K), 4 survivors (4096K)
 Metaspace       used 35777K, committed 35968K, reserved 1081344K
  class space    used 4315K, committed 4416K, reserved 1048576K
}

